Using pre-set license
Built from '2020.3/staging' branch; Version is '2020.3.22f1 (e1a7f79fd887) revision 14788599'; Using compiler version '192528614'; Build Type 'Release'
OS: 'Windows 10 Pro; OS build 19044.1766; Version 2009; 64bit' Language: 'ko' Physical Memory: 16343 MB
BatchMode: 1, IsHumanControllingUs: 0, StartBugReporterOnCrash: 0, Is64bit: 1, IsPro: 0

COMMAND LINE ARGUMENTS:
C:\Program Files\Unity\Hub\Editor\2020.3.22f1\Editor\Unity.exe
-adb2
-batchMode
-noUpm
-name
AssetImportWorker0
-projectPath
C:/Users/ceron/Desktop/220626 7daysProject
-logFile
Logs/AssetImportWorker0.log
-srvPort
51631
Successfully changed project path to: C:/Users/ceron/Desktop/220626 7daysProject
C:/Users/ceron/Desktop/220626 7daysProject
Using Asset Import Pipeline V2.
Refreshing native plugins compatible for Editor in 63.95 ms, found 2 plugins.
Preloading 0 native plugins for Editor in 0.00 ms.
Initialize engine version: 2020.3.22f1 (e1a7f79fd887)
[Subsystems] Discovering subsystems at path C:/Program Files/Unity/Hub/Editor/2020.3.22f1/Editor/Data/Resources/UnitySubsystems
[Subsystems] Discovering subsystems at path C:/Users/ceron/Desktop/220626 7daysProject/Assets
GfxDevice: creating device client; threaded=0
Direct3D:
    Version:  Direct3D 11.0 [level 11.1]
    Renderer: NVIDIA GeForce GTX 1060 3GB (ID=0x1c02)
    Vendor:   
    VRAM:     2988 MB
    Driver:   27.21.14.5671
Initialize mono
Mono path[0] = 'C:/Program Files/Unity/Hub/Editor/2020.3.22f1/Editor/Data/Managed'
Mono path[1] = 'C:/Program Files/Unity/Hub/Editor/2020.3.22f1/Editor/Data/MonoBleedingEdge/lib/mono/unityjit'
Mono config path = 'C:/Program Files/Unity/Hub/Editor/2020.3.22f1/Editor/Data/MonoBleedingEdge/etc'
Using monoOptions --debugger-agent=transport=dt_socket,embedding=1,server=y,suspend=n,address=127.0.0.1:56708
Begin MonoManager ReloadAssembly
Registering precompiled unity dll's ...
Register platform support module: C:/Program Files/Unity/Hub/Editor/2020.3.22f1/Editor/Data/PlaybackEngines/WindowsStandaloneSupport/UnityEditor.WindowsStandalone.Extensions.dll
Registered in 0.005779 seconds.
Native extension for WindowsStandalone target not found
Refreshing native plugins compatible for Editor in 61.97 ms, found 2 plugins.
Preloading 0 native plugins for Editor in 0.00 ms.
Mono: successfully reloaded assembly
- Completed reload, in  1.420 seconds
Domain Reload Profiling:
	ReloadAssembly (1420ms)
		BeginReloadAssembly (106ms)
			ExecutionOrderSort (0ms)
			DisableScriptedObjects (0ms)
			BackupInstance (0ms)
			ReleaseScriptingObjects (0ms)
			CreateAndSetChildDomain (1ms)
		EndReloadAssembly (489ms)
			LoadAssemblies (100ms)
			RebuildTransferFunctionScriptingTraits (0ms)
			SetupTypeCache (164ms)
			ReleaseScriptCaches (0ms)
			RebuildScriptCaches (30ms)
			SetupLoadedEditorAssemblies (192ms)
				LogAssemblyErrors (0ms)
				InitializePlatformSupportModulesInManaged (4ms)
				SetLoadedEditorAssemblies (0ms)
				RefreshPlugins (62ms)
				BeforeProcessingInitializeOnLoad (15ms)
				ProcessInitializeOnLoadAttributes (81ms)
				ProcessInitializeOnLoadMethodAttributes (29ms)
				AfterProcessingInitializeOnLoad (0ms)
				EditorAssembliesLoaded (0ms)
			ExecutionOrderSort2 (0ms)
			AwakeInstancesAfterBackupRestoration (0ms)
Platform modules already initialized, skipping
Registering precompiled user dll's ...
Registered in 0.010994 seconds.
Begin MonoManager ReloadAssembly
Native extension for WindowsStandalone target not found
Refreshing native plugins compatible for Editor in 0.49 ms, found 2 plugins.
Preloading 0 native plugins for Editor in 0.00 ms.
Mono: successfully reloaded assembly
- Completed reload, in  1.229 seconds
Domain Reload Profiling:
	ReloadAssembly (1230ms)
		BeginReloadAssembly (183ms)
			ExecutionOrderSort (0ms)
			DisableScriptedObjects (5ms)
			BackupInstance (0ms)
			ReleaseScriptingObjects (0ms)
			CreateAndSetChildDomain (21ms)
		EndReloadAssembly (965ms)
			LoadAssemblies (133ms)
			RebuildTransferFunctionScriptingTraits (0ms)
			SetupTypeCache (324ms)
			ReleaseScriptCaches (0ms)
			RebuildScriptCaches (54ms)
			SetupLoadedEditorAssemblies (376ms)
				LogAssemblyErrors (0ms)
				InitializePlatformSupportModulesInManaged (5ms)
				SetLoadedEditorAssemblies (0ms)
				RefreshPlugins (1ms)
				BeforeProcessingInitializeOnLoad (111ms)
				ProcessInitializeOnLoadAttributes (224ms)
				ProcessInitializeOnLoadMethodAttributes (17ms)
				AfterProcessingInitializeOnLoad (17ms)
				EditorAssembliesLoaded (0ms)
			ExecutionOrderSort2 (0ms)
			AwakeInstancesAfterBackupRestoration (7ms)
Platform modules already initialized, skipping
========================================================================
Worker process is ready to serve import requests
Launched and connected shader compiler UnityShaderCompiler.exe after 0.06 seconds
Refreshing native plugins compatible for Editor in 0.49 ms, found 2 plugins.
Preloading 0 native plugins for Editor in 0.00 ms.
Unloading 2017 Unused Serialized files (Serialized files now loaded: 0)
System memory in use before: 88.7 MB.
System memory in use after: 86.7 MB.

Unloading 54 unused Assets to reduce memory usage. Loaded Objects now: 2423.
Total: 4.201700 ms (FindLiveObjects: 0.167000 ms CreateObjectMapping: 0.067500 ms MarkObjects: 2.954400 ms  DeleteObjects: 1.011700 ms)

AssetImportParameters requested are different than current active one (requested -> active):
  custom:framework-win-MediaFoundation: 216162199b28c13a410421893ffa2e32 -> 
  custom:video-decoder-ogg-theora: a1e56fd34408186e4bbccfd4996cb3dc -> 
  custom:container-muxer-webm: aa71ff27fc2769a1b78a27578f13a17b -> 
  custom:container-demuxer-webm: 4f35f7cbe854078d1ac9338744f61a02 -> 
  custom:container-demuxer-ogg: 62fdf1f143b41e24485cea50d1cbac27 -> 
  custom:video-encoder-webm-vp8: eb34c28f22e8b96e1ab97ce403110664 -> 
  custom:video-decoder-webm-vp8: 9c59270c3fd7afecdb556c50c9e8de78 -> 
  custom:audio-decoder-ogg-vorbis: bf7c407c2cedff20999df2af8eb42d56 -> 
  custom:audio-encoder-webm-vorbis: bf7c407c2cedff20999df2af8eb42d56 -> 
========================================================================
Received Import Request.
  path: ProjectSettings/TagManager.asset
  artifactKey: Guid(00000000000000003000000000000000) Importer(815301076,1909f56bfc062723c751e8b465ee728b)
Start importing ProjectSettings/TagManager.asset using Guid(00000000000000003000000000000000) Importer(815301076,1909f56bfc062723c751e8b465ee728b)  -> (artifact id: 'f8b470de466e72950ce33fd681e15a7f') in 0.047815 seconds 
  Import took 0.051666 seconds .

========================================================================
Received Prepare
Registering precompiled user dll's ...
Registered in 0.015586 seconds.
Begin MonoManager ReloadAssembly
Native extension for WindowsStandalone target not found
Refreshing native plugins compatible for Editor in 0.50 ms, found 2 plugins.
Preloading 0 native plugins for Editor in 0.00 ms.
Mono: successfully reloaded assembly
- Completed reload, in  1.211 seconds
Domain Reload Profiling:
	ReloadAssembly (1212ms)
		BeginReloadAssembly (183ms)
			ExecutionOrderSort (0ms)
			DisableScriptedObjects (6ms)
			BackupInstance (0ms)
			ReleaseScriptingObjects (0ms)
			CreateAndSetChildDomain (62ms)
		EndReloadAssembly (947ms)
			LoadAssemblies (136ms)
			RebuildTransferFunctionScriptingTraits (0ms)
			SetupTypeCache (326ms)
			ReleaseScriptCaches (1ms)
			RebuildScriptCaches (44ms)
			SetupLoadedEditorAssemblies (356ms)
				LogAssemblyErrors (0ms)
				InitializePlatformSupportModulesInManaged (6ms)
				SetLoadedEditorAssemblies (0ms)
				RefreshPlugins (1ms)
				BeforeProcessingInitializeOnLoad (111ms)
				ProcessInitializeOnLoadAttributes (209ms)
				ProcessInitializeOnLoadMethodAttributes (13ms)
				AfterProcessingInitializeOnLoad (17ms)
				EditorAssembliesLoaded (0ms)
			ExecutionOrderSort2 (0ms)
			AwakeInstancesAfterBackupRestoration (10ms)
Platform modules already initialized, skipping
Refreshing native plugins compatible for Editor in 0.49 ms, found 2 plugins.
Preloading 0 native plugins for Editor in 0.00 ms.
Unloading 2011 Unused Serialized files (Serialized files now loaded: 0)
System memory in use before: 88.7 MB.
System memory in use after: 86.8 MB.

Unloading 46 unused Assets to reduce memory usage. Loaded Objects now: 2425.
Total: 4.428500 ms (FindLiveObjects: 0.288600 ms CreateObjectMapping: 0.169300 ms MarkObjects: 3.159600 ms  DeleteObjects: 0.809600 ms)

AssetImportParameters requested are different than current active one (requested -> active):
  custom:framework-win-MediaFoundation: 216162199b28c13a410421893ffa2e32 -> 
  custom:video-decoder-ogg-theora: a1e56fd34408186e4bbccfd4996cb3dc -> 
  custom:container-muxer-webm: aa71ff27fc2769a1b78a27578f13a17b -> 
  custom:container-demuxer-webm: 4f35f7cbe854078d1ac9338744f61a02 -> 
  custom:container-demuxer-ogg: 62fdf1f143b41e24485cea50d1cbac27 -> 
  custom:video-encoder-webm-vp8: eb34c28f22e8b96e1ab97ce403110664 -> 
  custom:video-decoder-webm-vp8: 9c59270c3fd7afecdb556c50c9e8de78 -> 
  custom:audio-decoder-ogg-vorbis: bf7c407c2cedff20999df2af8eb42d56 -> 
  custom:audio-encoder-webm-vorbis: bf7c407c2cedff20999df2af8eb42d56 -> 
========================================================================
Received Import Request.
  Time since last request: 906.908333 seconds.
  path: Assets/Environment/House/HouseTiles/HouseTilePalette/HouseTilePalette.prefab
  artifactKey: Guid(c8f724f911ef464478846ab67134a137) Importer(815301076,1909f56bfc062723c751e8b465ee728b)
Start importing Assets/Environment/House/HouseTiles/HouseTilePalette/HouseTilePalette.prefab using Guid(c8f724f911ef464478846ab67134a137) Importer(815301076,1909f56bfc062723c751e8b465ee728b)  -> (artifact id: '01e89a5c379eacc64a770dbb946db925') in 1.026344 seconds 
  Import took 1.035499 seconds .

========================================================================
Received Import Request.
  Time since last request: 185.617281 seconds.
  path: Assets/Environment/House/3 Animated objects
  artifactKey: Guid(517ac8a3dc5193643a8734877513a48a) Importer(815301076,1909f56bfc062723c751e8b465ee728b)
Start importing Assets/Environment/House/3 Animated objects using Guid(517ac8a3dc5193643a8734877513a48a) Importer(815301076,1909f56bfc062723c751e8b465ee728b)  -> (artifact id: '2699007bd6d85f93fcc27edb28e03d8c') in 0.005905 seconds 
  Import took 0.010282 seconds .

========================================================================
Received Import Request.
  Time since last request: 158.824098 seconds.
  path: Assets/Craftpix/craftpix-981000-blacksmith-craft-asset-pixel-art-pack/1 Smith
  artifactKey: Guid(0d3496c20937e7a46a94858e07db3976) Importer(815301076,1909f56bfc062723c751e8b465ee728b)
Start importing Assets/Craftpix/craftpix-981000-blacksmith-craft-asset-pixel-art-pack/1 Smith using Guid(0d3496c20937e7a46a94858e07db3976) Importer(815301076,1909f56bfc062723c751e8b465ee728b)  -> (artifact id: '211154019278ea6bc7eae61974828644') in 0.006728 seconds 
  Import took 0.009988 seconds .

========================================================================
Received Import Request.
  Time since last request: 0.128107 seconds.
  path: Assets/Craftpix/craftpix-981000-blacksmith-craft-asset-pixel-art-pack/1 Smith/Smith_attack.png
  artifactKey: Guid(d293baba78333eb4186603c0b9cf8213) Importer(815301076,1909f56bfc062723c751e8b465ee728b)
Start importing Assets/Craftpix/craftpix-981000-blacksmith-craft-asset-pixel-art-pack/1 Smith/Smith_attack.png using Guid(d293baba78333eb4186603c0b9cf8213) Importer(815301076,1909f56bfc062723c751e8b465ee728b)  -> (artifact id: '1afffc55f87c041365a4945a9cb5c661') in 0.082385 seconds 
  Import took 0.088059 seconds .

========================================================================
Received Import Request.
  Time since last request: 0.000307 seconds.
  path: Assets/Craftpix/craftpix-981000-blacksmith-craft-asset-pixel-art-pack/1 Smith/Smith_sharpen.png
  artifactKey: Guid(de836d0e39366f145bee756a07c85872) Importer(815301076,1909f56bfc062723c751e8b465ee728b)
Start importing Assets/Craftpix/craftpix-981000-blacksmith-craft-asset-pixel-art-pack/1 Smith/Smith_sharpen.png using Guid(de836d0e39366f145bee756a07c85872) Importer(815301076,1909f56bfc062723c751e8b465ee728b)  -> (artifact id: '3fbd2247f7c79dc99fccb664cb2c1f4d') in 0.024166 seconds 
  Import took 0.027113 seconds .

========================================================================
Received Import Request.
  Time since last request: 0.000313 seconds.
  path: Assets/Craftpix/craftpix-981000-blacksmith-craft-asset-pixel-art-pack/1 Smith/Smith_death.png
  artifactKey: Guid(da76e8b907c6def49aa4fc5e1056f268) Importer(815301076,1909f56bfc062723c751e8b465ee728b)
Start importing Assets/Craftpix/craftpix-981000-blacksmith-craft-asset-pixel-art-pack/1 Smith/Smith_death.png using Guid(da76e8b907c6def49aa4fc5e1056f268) Importer(815301076,1909f56bfc062723c751e8b465ee728b)  -> (artifact id: 'da88fc1b17025f1cc540b523983864c1') in 0.021795 seconds 
  Import took 0.024769 seconds .

========================================================================
Received Import Request.
  Time since last request: 0.000306 seconds.
  path: Assets/Craftpix/craftpix-981000-blacksmith-craft-asset-pixel-art-pack/1 Smith/Smith_idle.png
  artifactKey: Guid(67048b8fc2fe59046affdb6640f2b793) Importer(815301076,1909f56bfc062723c751e8b465ee728b)
Start importing Assets/Craftpix/craftpix-981000-blacksmith-craft-asset-pixel-art-pack/1 Smith/Smith_idle.png using Guid(67048b8fc2fe59046affdb6640f2b793) Importer(815301076,1909f56bfc062723c751e8b465ee728b)  -> (artifact id: 'e86b6942f423941e4377975cd8e26cf6') in 0.022784 seconds 
  Import took 0.026655 seconds .

========================================================================
Received Import Request.
  Time since last request: 0.000281 seconds.
  path: Assets/Craftpix/craftpix-981000-blacksmith-craft-asset-pixel-art-pack/1 Smith/Smith_walk.png
  artifactKey: Guid(b27bf685c439d764c9be2ac1c6b2216b) Importer(815301076,1909f56bfc062723c751e8b465ee728b)
Start importing Assets/Craftpix/craftpix-981000-blacksmith-craft-asset-pixel-art-pack/1 Smith/Smith_walk.png using Guid(b27bf685c439d764c9be2ac1c6b2216b) Importer(815301076,1909f56bfc062723c751e8b465ee728b)  -> (artifact id: 'c92141c2e968a9c14fd0bf1c8dbbc826') in 0.020534 seconds 
  Import took 0.023470 seconds .

========================================================================
Received Import Request.
  Time since last request: 0.000370 seconds.
  path: Assets/Craftpix/craftpix-981000-blacksmith-craft-asset-pixel-art-pack/1 Smith/Smith_Sieve.png
  artifactKey: Guid(82458384e27b2824a8519bde2ad93554) Importer(815301076,1909f56bfc062723c751e8b465ee728b)
Start importing Assets/Craftpix/craftpix-981000-blacksmith-craft-asset-pixel-art-pack/1 Smith/Smith_Sieve.png using Guid(82458384e27b2824a8519bde2ad93554) Importer(815301076,1909f56bfc062723c751e8b465ee728b)  -> (artifact id: 'd6f949936567d2edd1ef3d6a43d4a8de') in 0.021618 seconds 
  Import took 0.025050 seconds .

========================================================================
Received Import Request.
  Time since last request: 0.000300 seconds.
  path: Assets/Craftpix/craftpix-981000-blacksmith-craft-asset-pixel-art-pack/1 Smith/Smith_hammer.png
  artifactKey: Guid(4b79af12bbfb1a94289bd4f1fcda3035) Importer(815301076,1909f56bfc062723c751e8b465ee728b)
Start importing Assets/Craftpix/craftpix-981000-blacksmith-craft-asset-pixel-art-pack/1 Smith/Smith_hammer.png using Guid(4b79af12bbfb1a94289bd4f1fcda3035) Importer(815301076,1909f56bfc062723c751e8b465ee728b)  -> (artifact id: '859a39b521d659202c1fc6a0b7037b24') in 0.021015 seconds 
  Import took 0.024113 seconds .

========================================================================
Received Import Request.
  Time since last request: 0.000346 seconds.
  path: Assets/Craftpix/craftpix-981000-blacksmith-craft-asset-pixel-art-pack/1 Smith/Smith_hurt.png
  artifactKey: Guid(bdd87fb043d09cf4e95a856c3f9f47f0) Importer(815301076,1909f56bfc062723c751e8b465ee728b)
Start importing Assets/Craftpix/craftpix-981000-blacksmith-craft-asset-pixel-art-pack/1 Smith/Smith_hurt.png using Guid(bdd87fb043d09cf4e95a856c3f9f47f0) Importer(815301076,1909f56bfc062723c751e8b465ee728b)  -> (artifact id: 'd8e5a7357a8e1302f10ec30cb23f05d9') in 0.022556 seconds 
  Import took 0.025701 seconds .

========================================================================
Received Import Request.
  Time since last request: 1.304673 seconds.
  path: Assets/Craftpix/craftpix-981000-blacksmith-craft-asset-pixel-art-pack/2 Objects/Anvil.png
  artifactKey: Guid(b4d245da398fd854495e9ee29e5808b9) Importer(815301076,1909f56bfc062723c751e8b465ee728b)
Start importing Assets/Craftpix/craftpix-981000-blacksmith-craft-asset-pixel-art-pack/2 Objects/Anvil.png using Guid(b4d245da398fd854495e9ee29e5808b9) Importer(815301076,1909f56bfc062723c751e8b465ee728b)  -> (artifact id: '07557dedef52139a994cd9bc271776f5') in 0.018394 seconds 
  Import took 0.022344 seconds .

========================================================================
Received Import Request.
  Time since last request: 0.000305 seconds.
  path: Assets/Craftpix/craftpix-981000-blacksmith-craft-asset-pixel-art-pack/2 Objects/House_animation.png
  artifactKey: Guid(364a79c1f8c25ac4d83629b7c4cd5b39) Importer(815301076,1909f56bfc062723c751e8b465ee728b)
Start importing Assets/Craftpix/craftpix-981000-blacksmith-craft-asset-pixel-art-pack/2 Objects/House_animation.png using Guid(364a79c1f8c25ac4d83629b7c4cd5b39) Importer(815301076,1909f56bfc062723c751e8b465ee728b)  -> (artifact id: '5e7b9eab78824a8729f6e8d3d9c9cf8c') in 0.022196 seconds 
  Import took 0.025598 seconds .

========================================================================
Received Import Request.
  Time since last request: 0.000478 seconds.
  path: Assets/Craftpix/craftpix-981000-blacksmith-craft-asset-pixel-art-pack/2 Objects/Hammer_sparks.png
  artifactKey: Guid(5626f9901ea94fd498f9963821573205) Importer(815301076,1909f56bfc062723c751e8b465ee728b)
Start importing Assets/Craftpix/craftpix-981000-blacksmith-craft-asset-pixel-art-pack/2 Objects/Hammer_sparks.png using Guid(5626f9901ea94fd498f9963821573205) Importer(815301076,1909f56bfc062723c751e8b465ee728b)  -> (artifact id: 'f56e47341fe2cccf3a6e7b09cf31bbec') in 0.022531 seconds 
  Import took 0.025797 seconds .

========================================================================
Received Import Request.
  Time since last request: 0.000302 seconds.
  path: Assets/Craftpix/craftpix-981000-blacksmith-craft-asset-pixel-art-pack/2 Objects/Sword1.png
  artifactKey: Guid(a6a4b93b7a941a5498850f3ce1276d8e) Importer(815301076,1909f56bfc062723c751e8b465ee728b)
Start importing Assets/Craftpix/craftpix-981000-blacksmith-craft-asset-pixel-art-pack/2 Objects/Sword1.png using Guid(a6a4b93b7a941a5498850f3ce1276d8e) Importer(815301076,1909f56bfc062723c751e8b465ee728b)  -> (artifact id: '04e77e856d9acfd47b79054565d0c5a9') in 0.023136 seconds 
  Import took 0.025898 seconds .

========================================================================
Received Import Request.
  Time since last request: 0.000318 seconds.
  path: Assets/Craftpix/craftpix-981000-blacksmith-craft-asset-pixel-art-pack/2 Objects/Sharpen_sparks.png
  artifactKey: Guid(a6ae11e0342d75b47b6b01878a311236) Importer(815301076,1909f56bfc062723c751e8b465ee728b)
Start importing Assets/Craftpix/craftpix-981000-blacksmith-craft-asset-pixel-art-pack/2 Objects/Sharpen_sparks.png using Guid(a6ae11e0342d75b47b6b01878a311236) Importer(815301076,1909f56bfc062723c751e8b465ee728b)  -> (artifact id: '63fae9777a2d4ee23755dc6d2486b270') in 0.021162 seconds 
  Import took 0.024212 seconds .

========================================================================
Received Import Request.
  Time since last request: 0.000237 seconds.
  path: Assets/Craftpix/craftpix-981000-blacksmith-craft-asset-pixel-art-pack/2 Objects/Sword2.png
  artifactKey: Guid(8d277c1cb90357d4b8239608b708ebef) Importer(815301076,1909f56bfc062723c751e8b465ee728b)
Start importing Assets/Craftpix/craftpix-981000-blacksmith-craft-asset-pixel-art-pack/2 Objects/Sword2.png using Guid(8d277c1cb90357d4b8239608b708ebef) Importer(815301076,1909f56bfc062723c751e8b465ee728b)  -> (artifact id: '7e357beabed305af382a74852886fd02') in 0.022149 seconds 
  Import took 0.026149 seconds .

========================================================================
Received Import Request.
  Time since last request: 0.000298 seconds.
  path: Assets/Craftpix/craftpix-981000-blacksmith-craft-asset-pixel-art-pack/2 Objects/Barrel.png
  artifactKey: Guid(b4f659485e2890d49bcee86cf7cd9732) Importer(815301076,1909f56bfc062723c751e8b465ee728b)
Start importing Assets/Craftpix/craftpix-981000-blacksmith-craft-asset-pixel-art-pack/2 Objects/Barrel.png using Guid(b4f659485e2890d49bcee86cf7cd9732) Importer(815301076,1909f56bfc062723c751e8b465ee728b)  -> (artifact id: 'e36f41d8f718fbc88feee26ea2f2c2e8') in 0.027603 seconds 
  Import took 0.031109 seconds .

========================================================================
Received Import Request.
  Time since last request: 0.000314 seconds.
  path: Assets/Craftpix/craftpix-981000-blacksmith-craft-asset-pixel-art-pack/2 Objects/Spear.png
  artifactKey: Guid(e9f41a43aa2d8a1469bbcd05993ebcbf) Importer(815301076,1909f56bfc062723c751e8b465ee728b)
Start importing Assets/Craftpix/craftpix-981000-blacksmith-craft-asset-pixel-art-pack/2 Objects/Spear.png using Guid(e9f41a43aa2d8a1469bbcd05993ebcbf) Importer(815301076,1909f56bfc062723c751e8b465ee728b)  -> (artifact id: '5dda94a7f91bc872965841c09acc62c5') in 0.022906 seconds 
  Import took 0.026517 seconds .

========================================================================
Received Import Request.
  Time since last request: 0.000243 seconds.
  path: Assets/Craftpix/craftpix-981000-blacksmith-craft-asset-pixel-art-pack/2 Objects/Smoke.png
  artifactKey: Guid(218eaa4e95f2c66438dd334d2dc0aa7f) Importer(815301076,1909f56bfc062723c751e8b465ee728b)
Start importing Assets/Craftpix/craftpix-981000-blacksmith-craft-asset-pixel-art-pack/2 Objects/Smoke.png using Guid(218eaa4e95f2c66438dd334d2dc0aa7f) Importer(815301076,1909f56bfc062723c751e8b465ee728b)  -> (artifact id: '1325ed1082a628689eeeea96b7a6c34a') in 0.018696 seconds 
  Import took 0.022275 seconds .

========================================================================
Received Import Request.
  Time since last request: 0.000223 seconds.
  path: Assets/Craftpix/craftpix-981000-blacksmith-craft-asset-pixel-art-pack/2 Objects/Rack.png
  artifactKey: Guid(c75382105a1e34f46ba71ec445f7a2d7) Importer(815301076,1909f56bfc062723c751e8b465ee728b)
Start importing Assets/Craftpix/craftpix-981000-blacksmith-craft-asset-pixel-art-pack/2 Objects/Rack.png using Guid(c75382105a1e34f46ba71ec445f7a2d7) Importer(815301076,1909f56bfc062723c751e8b465ee728b)  -> (artifact id: '923272ea8c09bfe03ea410ce9659c813') in 0.020322 seconds 
  Import took 0.023673 seconds .

========================================================================
Received Import Request.
  Time since last request: 0.000216 seconds.
  path: Assets/Craftpix/craftpix-981000-blacksmith-craft-asset-pixel-art-pack/2 Objects/Shield.png
  artifactKey: Guid(3ab0472a8cd35fd4a90706351dfafcf7) Importer(815301076,1909f56bfc062723c751e8b465ee728b)
Start importing Assets/Craftpix/craftpix-981000-blacksmith-craft-asset-pixel-art-pack/2 Objects/Shield.png using Guid(3ab0472a8cd35fd4a90706351dfafcf7) Importer(815301076,1909f56bfc062723c751e8b465ee728b)  -> (artifact id: 'ecf24afa74e56bd2224d67d15dc83f33') in 0.019357 seconds 
  Import took 0.022364 seconds .

========================================================================
Received Import Request.
  Time since last request: 0.000212 seconds.
  path: Assets/Craftpix/craftpix-981000-blacksmith-craft-asset-pixel-art-pack/2 Objects/Forge_animation.png
  artifactKey: Guid(bb51600e9084b9d43a5b276fc099fd2d) Importer(815301076,1909f56bfc062723c751e8b465ee728b)
Start importing Assets/Craftpix/craftpix-981000-blacksmith-craft-asset-pixel-art-pack/2 Objects/Forge_animation.png using Guid(bb51600e9084b9d43a5b276fc099fd2d) Importer(815301076,1909f56bfc062723c751e8b465ee728b)  -> (artifact id: 'c7f3cecccbbe4c4abcfaeba3e9c70d5d') in 0.021620 seconds 
  Import took 0.024631 seconds .

========================================================================
Received Import Request.
  Time since last request: 0.000212 seconds.
  path: Assets/Craftpix/craftpix-981000-blacksmith-craft-asset-pixel-art-pack/2 Objects/Sieve.png
  artifactKey: Guid(bb6f6e7885ee861459e1e90c6e1aa315) Importer(815301076,1909f56bfc062723c751e8b465ee728b)
Start importing Assets/Craftpix/craftpix-981000-blacksmith-craft-asset-pixel-art-pack/2 Objects/Sieve.png using Guid(bb6f6e7885ee861459e1e90c6e1aa315) Importer(815301076,1909f56bfc062723c751e8b465ee728b)  -> (artifact id: '083022a357aef07078ab522fc08399e7') in 0.019279 seconds 
  Import took 0.022197 seconds .

========================================================================
Received Import Request.
  Time since last request: 0.000205 seconds.
  path: Assets/Craftpix/craftpix-981000-blacksmith-craft-asset-pixel-art-pack/2 Objects/Chain1.png
  artifactKey: Guid(05c8fb2227133314f80effc59a6539d3) Importer(815301076,1909f56bfc062723c751e8b465ee728b)
Start importing Assets/Craftpix/craftpix-981000-blacksmith-craft-asset-pixel-art-pack/2 Objects/Chain1.png using Guid(05c8fb2227133314f80effc59a6539d3) Importer(815301076,1909f56bfc062723c751e8b465ee728b)  -> (artifact id: '63d8a2369d85bf5814a1948ef740f4af') in 0.020131 seconds 
  Import took 0.023069 seconds .

========================================================================
Received Import Request.
  Time since last request: 0.000198 seconds.
  path: Assets/Craftpix/craftpix-981000-blacksmith-craft-asset-pixel-art-pack/2 Objects/Chain2.png
  artifactKey: Guid(d58d2df60fc1b3040ba5faffdd8133ab) Importer(815301076,1909f56bfc062723c751e8b465ee728b)
Start importing Assets/Craftpix/craftpix-981000-blacksmith-craft-asset-pixel-art-pack/2 Objects/Chain2.png using Guid(d58d2df60fc1b3040ba5faffdd8133ab) Importer(815301076,1909f56bfc062723c751e8b465ee728b)  -> (artifact id: '469d0df67643b0613c425163aa294b39') in 0.018715 seconds 
  Import took 0.021721 seconds .

========================================================================
Received Import Request.
  Time since last request: 0.000200 seconds.
  path: Assets/Craftpix/craftpix-981000-blacksmith-craft-asset-pixel-art-pack/2 Objects/Forge.png
  artifactKey: Guid(7081c4f98ca23f74d9a6be2e3dc07c53) Importer(815301076,1909f56bfc062723c751e8b465ee728b)
Start importing Assets/Craftpix/craftpix-981000-blacksmith-craft-asset-pixel-art-pack/2 Objects/Forge.png using Guid(7081c4f98ca23f74d9a6be2e3dc07c53) Importer(815301076,1909f56bfc062723c751e8b465ee728b)  -> (artifact id: 'ff6380d48a8a42bd683771a777f28758') in 0.019602 seconds 
  Import took 0.022584 seconds .

========================================================================
Received Import Request.
  Time since last request: 0.000196 seconds.
  path: Assets/Craftpix/craftpix-981000-blacksmith-craft-asset-pixel-art-pack/2 Objects/Chain3.png
  artifactKey: Guid(0653fd8e76c35cc40a0fd2132fd4d993) Importer(815301076,1909f56bfc062723c751e8b465ee728b)
Start importing Assets/Craftpix/craftpix-981000-blacksmith-craft-asset-pixel-art-pack/2 Objects/Chain3.png using Guid(0653fd8e76c35cc40a0fd2132fd4d993) Importer(815301076,1909f56bfc062723c751e8b465ee728b)  -> (artifact id: 'd2497065eaef9fcc91ff2edb5b92d783') in 0.019038 seconds 
  Import took 0.021970 seconds .

========================================================================
Received Import Request.
  Time since last request: 0.000210 seconds.
  path: Assets/Craftpix/craftpix-981000-blacksmith-craft-asset-pixel-art-pack/2 Objects/Halberd.png
  artifactKey: Guid(ea2f0b699c2f73f4ab7c19e2d876bfd6) Importer(815301076,1909f56bfc062723c751e8b465ee728b)
Start importing Assets/Craftpix/craftpix-981000-blacksmith-craft-asset-pixel-art-pack/2 Objects/Halberd.png using Guid(ea2f0b699c2f73f4ab7c19e2d876bfd6) Importer(815301076,1909f56bfc062723c751e8b465ee728b)  -> (artifact id: '6c4c06f647087cbc20bd2764f6762e6d') in 0.020084 seconds 
  Import took 0.023440 seconds .

========================================================================
Received Import Request.
  Time since last request: 0.000195 seconds.
  path: Assets/Craftpix/craftpix-981000-blacksmith-craft-asset-pixel-art-pack/2 Objects/House.png
  artifactKey: Guid(ad3b14548cd0fed4f8a30c0f5059e018) Importer(815301076,1909f56bfc062723c751e8b465ee728b)
Start importing Assets/Craftpix/craftpix-981000-blacksmith-craft-asset-pixel-art-pack/2 Objects/House.png using Guid(ad3b14548cd0fed4f8a30c0f5059e018) Importer(815301076,1909f56bfc062723c751e8b465ee728b)  -> (artifact id: '3ccf7ed51eed6a17ab1147cbaffb321d') in 0.019359 seconds 
  Import took 0.022260 seconds .

========================================================================
Received Import Request.
  Time since last request: 0.000199 seconds.
  path: Assets/Craftpix/craftpix-981000-blacksmith-craft-asset-pixel-art-pack/2 Objects/Grinding_wheel.png
  artifactKey: Guid(54047c189197d9d44b751fc5c6f1fe15) Importer(815301076,1909f56bfc062723c751e8b465ee728b)
Start importing Assets/Craftpix/craftpix-981000-blacksmith-craft-asset-pixel-art-pack/2 Objects/Grinding_wheel.png using Guid(54047c189197d9d44b751fc5c6f1fe15) Importer(815301076,1909f56bfc062723c751e8b465ee728b)  -> (artifact id: '3756f12a0d82a41c659acec391338857') in 0.018141 seconds 
  Import took 0.021160 seconds .

========================================================================
Received Import Request.
  Time since last request: 0.000208 seconds.
  path: Assets/Craftpix/craftpix-981000-blacksmith-craft-asset-pixel-art-pack/2 Objects/Axe.png
  artifactKey: Guid(4857243342987584cb0a0889815e038e) Importer(815301076,1909f56bfc062723c751e8b465ee728b)
Start importing Assets/Craftpix/craftpix-981000-blacksmith-craft-asset-pixel-art-pack/2 Objects/Axe.png using Guid(4857243342987584cb0a0889815e038e) Importer(815301076,1909f56bfc062723c751e8b465ee728b)  -> (artifact id: '2efa9c0b1043ab1c390105d871c50b94') in 0.020557 seconds 
  Import took 0.023576 seconds .

========================================================================
Received Import Request.
  Time since last request: 4271.721133 seconds.
  path: Assets/Craftpix/craftpix-981000-blacksmith-craft-asset-pixel-art-pack/3 Character animation/GraveRobber_hammer.png
  artifactKey: Guid(89df34a8025dca74390e2639706824e3) Importer(815301076,1909f56bfc062723c751e8b465ee728b)
Start importing Assets/Craftpix/craftpix-981000-blacksmith-craft-asset-pixel-art-pack/3 Character animation/GraveRobber_hammer.png using Guid(89df34a8025dca74390e2639706824e3) Importer(815301076,1909f56bfc062723c751e8b465ee728b)  -> (artifact id: '143a1c31c8dc037f2af614d66a1b2a23') in 0.025844 seconds 
  Import took 0.030951 seconds .

========================================================================
Received Import Request.
  Time since last request: 0.000286 seconds.
  path: Assets/Craftpix/craftpix-981000-blacksmith-craft-asset-pixel-art-pack/3 Character animation/Woodcutter_hammer.png
  artifactKey: Guid(8ca823aa00d4e644ba74b375a1e67a65) Importer(815301076,1909f56bfc062723c751e8b465ee728b)
Start importing Assets/Craftpix/craftpix-981000-blacksmith-craft-asset-pixel-art-pack/3 Character animation/Woodcutter_hammer.png using Guid(8ca823aa00d4e644ba74b375a1e67a65) Importer(815301076,1909f56bfc062723c751e8b465ee728b)  -> (artifact id: 'e8aef7ee3b8a06afbe1ef7e045a6a662') in 0.026617 seconds 
  Import took 0.029941 seconds .

========================================================================
Received Import Request.
  Time since last request: 0.000287 seconds.
  path: Assets/Craftpix/craftpix-981000-blacksmith-craft-asset-pixel-art-pack/3 Character animation/Woodcutter_Sieve.png
  artifactKey: Guid(97a3ba9c1d58d7146acb8ac30cf35a79) Importer(815301076,1909f56bfc062723c751e8b465ee728b)
Start importing Assets/Craftpix/craftpix-981000-blacksmith-craft-asset-pixel-art-pack/3 Character animation/Woodcutter_Sieve.png using Guid(97a3ba9c1d58d7146acb8ac30cf35a79) Importer(815301076,1909f56bfc062723c751e8b465ee728b)  -> (artifact id: '4d7cf2fef558bedf85a3aa84a7345031') in 0.022717 seconds 
  Import took 0.026594 seconds .

========================================================================
Received Import Request.
  Time since last request: 0.000300 seconds.
  path: Assets/Craftpix/craftpix-981000-blacksmith-craft-asset-pixel-art-pack/3 Character animation/Woodcutter_sharpen.png
  artifactKey: Guid(af8faed212fbbc64693caf6e94d9c095) Importer(815301076,1909f56bfc062723c751e8b465ee728b)
Start importing Assets/Craftpix/craftpix-981000-blacksmith-craft-asset-pixel-art-pack/3 Character animation/Woodcutter_sharpen.png using Guid(af8faed212fbbc64693caf6e94d9c095) Importer(815301076,1909f56bfc062723c751e8b465ee728b)  -> (artifact id: '315fb9c9cb502a9df8c09624ecd46903') in 0.019579 seconds 
  Import took 0.023137 seconds .

========================================================================
Received Import Request.
  Time since last request: 0.000277 seconds.
  path: Assets/Craftpix/craftpix-981000-blacksmith-craft-asset-pixel-art-pack/3 Character animation/SteamMan_hammer.png
  artifactKey: Guid(df4cfc9791ebe684b81ee5e959b5185a) Importer(815301076,1909f56bfc062723c751e8b465ee728b)
Start importing Assets/Craftpix/craftpix-981000-blacksmith-craft-asset-pixel-art-pack/3 Character animation/SteamMan_hammer.png using Guid(df4cfc9791ebe684b81ee5e959b5185a) Importer(815301076,1909f56bfc062723c751e8b465ee728b)  -> (artifact id: 'b93d7f44f555b25475ea45e5948bee5c') in 0.021774 seconds 
  Import took 0.025811 seconds .

========================================================================
Received Import Request.
  Time since last request: 0.000414 seconds.
  path: Assets/Craftpix/craftpix-981000-blacksmith-craft-asset-pixel-art-pack/3 Character animation/GraveRobber_Sieve.png
  artifactKey: Guid(4f31035bac2c72e4ca3621ec35cea7bc) Importer(815301076,1909f56bfc062723c751e8b465ee728b)
Start importing Assets/Craftpix/craftpix-981000-blacksmith-craft-asset-pixel-art-pack/3 Character animation/GraveRobber_Sieve.png using Guid(4f31035bac2c72e4ca3621ec35cea7bc) Importer(815301076,1909f56bfc062723c751e8b465ee728b)  -> (artifact id: 'a8b311cedd034f2ddff194b01bdaef46') in 0.020059 seconds 
  Import took 0.024112 seconds .

========================================================================
Received Import Request.
  Time since last request: 0.000275 seconds.
  path: Assets/Craftpix/craftpix-981000-blacksmith-craft-asset-pixel-art-pack/3 Character animation/GraveRobber_sharpen.png
  artifactKey: Guid(3073224f5a2fcd14da416dfa2a6024e9) Importer(815301076,1909f56bfc062723c751e8b465ee728b)
Start importing Assets/Craftpix/craftpix-981000-blacksmith-craft-asset-pixel-art-pack/3 Character animation/GraveRobber_sharpen.png using Guid(3073224f5a2fcd14da416dfa2a6024e9) Importer(815301076,1909f56bfc062723c751e8b465ee728b)  -> (artifact id: 'dc340dc574d6d885d2fb48b70d3709f9') in 0.021296 seconds 
  Import took 0.025364 seconds .

========================================================================
Received Import Request.
  Time since last request: 0.000408 seconds.
  path: Assets/Craftpix/craftpix-981000-blacksmith-craft-asset-pixel-art-pack/3 Character animation/SteamMan_Sieve.png
  artifactKey: Guid(03504be2e88ea0f43913b2a3de2baf48) Importer(815301076,1909f56bfc062723c751e8b465ee728b)
Start importing Assets/Craftpix/craftpix-981000-blacksmith-craft-asset-pixel-art-pack/3 Character animation/SteamMan_Sieve.png using Guid(03504be2e88ea0f43913b2a3de2baf48) Importer(815301076,1909f56bfc062723c751e8b465ee728b)  -> (artifact id: 'c8de96776c4ce7d3b2d7cd752280d8a7') in 0.021113 seconds 
  Import took 0.024581 seconds .

========================================================================
Received Import Request.
  Time since last request: 0.000274 seconds.
  path: Assets/Craftpix/craftpix-981000-blacksmith-craft-asset-pixel-art-pack/3 Character animation/SteamMan_sharpen.png
  artifactKey: Guid(8cc5cafd7efb5664180bc7af42e2a127) Importer(815301076,1909f56bfc062723c751e8b465ee728b)
Start importing Assets/Craftpix/craftpix-981000-blacksmith-craft-asset-pixel-art-pack/3 Character animation/SteamMan_sharpen.png using Guid(8cc5cafd7efb5664180bc7af42e2a127) Importer(815301076,1909f56bfc062723c751e8b465ee728b)  -> (artifact id: '522aeeea244bf71e7523c3bbde79f6ce') in 0.019468 seconds 
  Import took 0.022875 seconds .

========================================================================
Received Import Request.
  Time since last request: 18.663226 seconds.
  path: Assets/Craftpix/craftpix-981000-blacksmith-craft-asset-pixel-art-pack/4 Icons/Icon_01.gif
  artifactKey: Guid(caf513ef134ce3542b95aa1700183978) Importer(815301076,1909f56bfc062723c751e8b465ee728b)
Start importing Assets/Craftpix/craftpix-981000-blacksmith-craft-asset-pixel-art-pack/4 Icons/Icon_01.gif using Guid(caf513ef134ce3542b95aa1700183978) Importer(815301076,1909f56bfc062723c751e8b465ee728b)  -> (artifact id: 'bc7a620fd39c592b4c3b937d9bcc1a07') in 0.021830 seconds 
  Import took 0.025875 seconds .

========================================================================
Received Import Request.
  Time since last request: 0.000405 seconds.
  path: Assets/Craftpix/craftpix-981000-blacksmith-craft-asset-pixel-art-pack/4 Icons/Icon_10.gif
  artifactKey: Guid(1c69e1740158ae84abd3fdf71e640a0d) Importer(815301076,1909f56bfc062723c751e8b465ee728b)
Start importing Assets/Craftpix/craftpix-981000-blacksmith-craft-asset-pixel-art-pack/4 Icons/Icon_10.gif using Guid(1c69e1740158ae84abd3fdf71e640a0d) Importer(815301076,1909f56bfc062723c751e8b465ee728b)  -> (artifact id: '83485847567f5cfaa1b42dc049b20b1f') in 0.021656 seconds 
  Import took 0.025303 seconds .

========================================================================
Received Import Request.
  Time since last request: 0.000408 seconds.
  path: Assets/Craftpix/craftpix-981000-blacksmith-craft-asset-pixel-art-pack/4 Icons/Icon_14.gif
  artifactKey: Guid(a51430f0b6ed99c438da18fba3eb5348) Importer(815301076,1909f56bfc062723c751e8b465ee728b)
Start importing Assets/Craftpix/craftpix-981000-blacksmith-craft-asset-pixel-art-pack/4 Icons/Icon_14.gif using Guid(a51430f0b6ed99c438da18fba3eb5348) Importer(815301076,1909f56bfc062723c751e8b465ee728b)  -> (artifact id: '1200e0efb168e9ca290a6e280f38f72a') in 0.021378 seconds 
  Import took 0.026473 seconds .

========================================================================
Received Import Request.
  Time since last request: 0.000384 seconds.
  path: Assets/Craftpix/craftpix-981000-blacksmith-craft-asset-pixel-art-pack/4 Icons/Icon_16.gif
  artifactKey: Guid(eaf4369ae4e02384f932b2b8f2c33878) Importer(815301076,1909f56bfc062723c751e8b465ee728b)
Start importing Assets/Craftpix/craftpix-981000-blacksmith-craft-asset-pixel-art-pack/4 Icons/Icon_16.gif using Guid(eaf4369ae4e02384f932b2b8f2c33878) Importer(815301076,1909f56bfc062723c751e8b465ee728b)  -> (artifact id: '82d65416461b9b88c28e77a41370a2f9') in 0.021025 seconds 
  Import took 0.025520 seconds .

========================================================================
Received Import Request.
  Time since last request: 0.000339 seconds.
  path: Assets/Craftpix/craftpix-981000-blacksmith-craft-asset-pixel-art-pack/4 Icons/Icon_02.gif
  artifactKey: Guid(fe2bf24ada97cfb43b371b3a8f5faf3b) Importer(815301076,1909f56bfc062723c751e8b465ee728b)
Start importing Assets/Craftpix/craftpix-981000-blacksmith-craft-asset-pixel-art-pack/4 Icons/Icon_02.gif using Guid(fe2bf24ada97cfb43b371b3a8f5faf3b) Importer(815301076,1909f56bfc062723c751e8b465ee728b)  -> (artifact id: '4fd56172564a2be0169a139095e1ce56') in 0.018913 seconds 
  Import took 0.022427 seconds .

========================================================================
Received Import Request.
  Time since last request: 0.000855 seconds.
  path: Assets/Craftpix/craftpix-981000-blacksmith-craft-asset-pixel-art-pack/4 Icons/Icon_15.gif
  artifactKey: Guid(cca5e2d4e708a0740a1cb0e8380e064c) Importer(815301076,1909f56bfc062723c751e8b465ee728b)
Start importing Assets/Craftpix/craftpix-981000-blacksmith-craft-asset-pixel-art-pack/4 Icons/Icon_15.gif using Guid(cca5e2d4e708a0740a1cb0e8380e064c) Importer(815301076,1909f56bfc062723c751e8b465ee728b)  -> (artifact id: '6a507378cb245fc6ea35519d0d0f5a48') in 0.017828 seconds 
  Import took 0.022009 seconds .

========================================================================
Received Import Request.
  Time since last request: 0.000204 seconds.
  path: Assets/Craftpix/craftpix-981000-blacksmith-craft-asset-pixel-art-pack/4 Icons/Icon_20.gif
  artifactKey: Guid(bd1a49bb6c468744d8c78e6e00f6ab36) Importer(815301076,1909f56bfc062723c751e8b465ee728b)
Start importing Assets/Craftpix/craftpix-981000-blacksmith-craft-asset-pixel-art-pack/4 Icons/Icon_20.gif using Guid(bd1a49bb6c468744d8c78e6e00f6ab36) Importer(815301076,1909f56bfc062723c751e8b465ee728b)  -> (artifact id: '46dde06bae5740833c1b6bfdeb131674') in 0.018377 seconds 
  Import took 0.022066 seconds .

========================================================================
Received Import Request.
  Time since last request: 0.000254 seconds.
  path: Assets/Craftpix/craftpix-981000-blacksmith-craft-asset-pixel-art-pack/4 Icons/Icon_09.gif
  artifactKey: Guid(6a224cfe6568de3488a18d0f1654d432) Importer(815301076,1909f56bfc062723c751e8b465ee728b)
Start importing Assets/Craftpix/craftpix-981000-blacksmith-craft-asset-pixel-art-pack/4 Icons/Icon_09.gif using Guid(6a224cfe6568de3488a18d0f1654d432) Importer(815301076,1909f56bfc062723c751e8b465ee728b)  -> (artifact id: '1416eb490696943c9f1305413fc7e05f') in 0.018633 seconds 
  Import took 0.022498 seconds .

========================================================================
Received Import Request.
  Time since last request: 0.000234 seconds.
  path: Assets/Craftpix/craftpix-981000-blacksmith-craft-asset-pixel-art-pack/4 Icons/Icon_19.gif
  artifactKey: Guid(8d4a87364a49ba140913322e15c17ec3) Importer(815301076,1909f56bfc062723c751e8b465ee728b)
Start importing Assets/Craftpix/craftpix-981000-blacksmith-craft-asset-pixel-art-pack/4 Icons/Icon_19.gif using Guid(8d4a87364a49ba140913322e15c17ec3) Importer(815301076,1909f56bfc062723c751e8b465ee728b)  -> (artifact id: '700b620ebead04e27d64927d0ed9c73c') in 0.018611 seconds 
  Import took 0.022807 seconds .

========================================================================
Received Import Request.
  Time since last request: 0.000234 seconds.
  path: Assets/Craftpix/craftpix-981000-blacksmith-craft-asset-pixel-art-pack/4 Icons/Icon_13.gif
  artifactKey: Guid(526325ddef279664c932204c83bf2ff4) Importer(815301076,1909f56bfc062723c751e8b465ee728b)
Start importing Assets/Craftpix/craftpix-981000-blacksmith-craft-asset-pixel-art-pack/4 Icons/Icon_13.gif using Guid(526325ddef279664c932204c83bf2ff4) Importer(815301076,1909f56bfc062723c751e8b465ee728b)  -> (artifact id: 'd9bbb0f53cff10aec4b5289ce2f0e4d3') in 0.017966 seconds 
  Import took 0.022574 seconds .

========================================================================
Received Import Request.
  Time since last request: 0.000216 seconds.
  path: Assets/Craftpix/craftpix-981000-blacksmith-craft-asset-pixel-art-pack/4 Icons/Icon_07.gif
  artifactKey: Guid(c904c064f5791c8479ccf2106abfcb7f) Importer(815301076,1909f56bfc062723c751e8b465ee728b)
Start importing Assets/Craftpix/craftpix-981000-blacksmith-craft-asset-pixel-art-pack/4 Icons/Icon_07.gif using Guid(c904c064f5791c8479ccf2106abfcb7f) Importer(815301076,1909f56bfc062723c751e8b465ee728b)  -> (artifact id: '19cbabd326643241d37b5ca8b320a7ea') in 0.017842 seconds 
  Import took 0.023049 seconds .

========================================================================
Received Import Request.
  Time since last request: 0.000199 seconds.
  path: Assets/Craftpix/craftpix-981000-blacksmith-craft-asset-pixel-art-pack/4 Icons/Icon_17.gif
  artifactKey: Guid(c3a0371d174239145836d94ace279d96) Importer(815301076,1909f56bfc062723c751e8b465ee728b)
Start importing Assets/Craftpix/craftpix-981000-blacksmith-craft-asset-pixel-art-pack/4 Icons/Icon_17.gif using Guid(c3a0371d174239145836d94ace279d96) Importer(815301076,1909f56bfc062723c751e8b465ee728b)  -> (artifact id: '05934b0215a02fdda16196da3fc52752') in 0.017603 seconds 
  Import took 0.023015 seconds .

========================================================================
Received Import Request.
  Time since last request: 0.000235 seconds.
  path: Assets/Craftpix/craftpix-981000-blacksmith-craft-asset-pixel-art-pack/4 Icons/Icon_03.gif
  artifactKey: Guid(11ced487dc01c3e44ba8a57b8e29eb47) Importer(815301076,1909f56bfc062723c751e8b465ee728b)
Start importing Assets/Craftpix/craftpix-981000-blacksmith-craft-asset-pixel-art-pack/4 Icons/Icon_03.gif using Guid(11ced487dc01c3e44ba8a57b8e29eb47) Importer(815301076,1909f56bfc062723c751e8b465ee728b)  -> (artifact id: 'e99528242db726cb474371772f27b248') in 0.016735 seconds 
  Import took 0.020286 seconds .

========================================================================
Received Import Request.
  Time since last request: 0.000218 seconds.
  path: Assets/Craftpix/craftpix-981000-blacksmith-craft-asset-pixel-art-pack/4 Icons/Icon_05.png
  artifactKey: Guid(b675e734d4d68424894960d2504e8832) Importer(815301076,1909f56bfc062723c751e8b465ee728b)
Start importing Assets/Craftpix/craftpix-981000-blacksmith-craft-asset-pixel-art-pack/4 Icons/Icon_05.png using Guid(b675e734d4d68424894960d2504e8832) Importer(815301076,1909f56bfc062723c751e8b465ee728b)  -> (artifact id: 'a41ae2e384f7625cce411dafa3771025') in 0.019705 seconds 
  Import took 0.024147 seconds .

========================================================================
Received Import Request.
  Time since last request: 0.000258 seconds.
  path: Assets/Craftpix/craftpix-981000-blacksmith-craft-asset-pixel-art-pack/4 Icons/Icon_18.gif
  artifactKey: Guid(9b4501712ccd6a245b1553cf616a3a78) Importer(815301076,1909f56bfc062723c751e8b465ee728b)
Start importing Assets/Craftpix/craftpix-981000-blacksmith-craft-asset-pixel-art-pack/4 Icons/Icon_18.gif using Guid(9b4501712ccd6a245b1553cf616a3a78) Importer(815301076,1909f56bfc062723c751e8b465ee728b)  -> (artifact id: '7a8eb3573dda4a641e754a5d4806ff70') in 0.016085 seconds 
  Import took 0.020819 seconds .

========================================================================
Received Import Request.
  Time since last request: 0.000212 seconds.
  path: Assets/Craftpix/craftpix-981000-blacksmith-craft-asset-pixel-art-pack/4 Icons/Icon_06.gif
  artifactKey: Guid(098c9819dddc91c4f8c9596daa236734) Importer(815301076,1909f56bfc062723c751e8b465ee728b)
Start importing Assets/Craftpix/craftpix-981000-blacksmith-craft-asset-pixel-art-pack/4 Icons/Icon_06.gif using Guid(098c9819dddc91c4f8c9596daa236734) Importer(815301076,1909f56bfc062723c751e8b465ee728b)  -> (artifact id: '71eac687192458982644dbbdda3b1a0a') in 0.017692 seconds 
  Import took 0.021187 seconds .

========================================================================
Received Import Request.
  Time since last request: 0.000287 seconds.
  path: Assets/Craftpix/craftpix-981000-blacksmith-craft-asset-pixel-art-pack/4 Icons/Icon_08.gif
  artifactKey: Guid(074a3624f59299441bdeb9d3fd07cb6e) Importer(815301076,1909f56bfc062723c751e8b465ee728b)
Start importing Assets/Craftpix/craftpix-981000-blacksmith-craft-asset-pixel-art-pack/4 Icons/Icon_08.gif using Guid(074a3624f59299441bdeb9d3fd07cb6e) Importer(815301076,1909f56bfc062723c751e8b465ee728b)  -> (artifact id: 'c05035402de658581f4024043e546476') in 0.018920 seconds 
  Import took 0.022812 seconds .

========================================================================
Received Import Request.
  Time since last request: 0.000127 seconds.
  path: Assets/Craftpix/craftpix-981000-blacksmith-craft-asset-pixel-art-pack/4 Icons/Icon_04.gif
  artifactKey: Guid(00d3d6b73a82de8469ff5b1859490329) Importer(815301076,1909f56bfc062723c751e8b465ee728b)
Start importing Assets/Craftpix/craftpix-981000-blacksmith-craft-asset-pixel-art-pack/4 Icons/Icon_04.gif using Guid(00d3d6b73a82de8469ff5b1859490329) Importer(815301076,1909f56bfc062723c751e8b465ee728b)  -> (artifact id: 'dd5c8f745aff04fd1c43d0e5054f543e') in 0.017085 seconds 
  Import took 0.021732 seconds .

========================================================================
Received Import Request.
  Time since last request: 0.000208 seconds.
  path: Assets/Craftpix/craftpix-981000-blacksmith-craft-asset-pixel-art-pack/4 Icons/Icon_11.gif
  artifactKey: Guid(5c717cac873969c45b03b128d38cb8fc) Importer(815301076,1909f56bfc062723c751e8b465ee728b)
Start importing Assets/Craftpix/craftpix-981000-blacksmith-craft-asset-pixel-art-pack/4 Icons/Icon_11.gif using Guid(5c717cac873969c45b03b128d38cb8fc) Importer(815301076,1909f56bfc062723c751e8b465ee728b)  -> (artifact id: '26dbdaaa5d880c03c75070999e1c1312') in 0.018178 seconds 
  Import took 0.022498 seconds .

========================================================================
Received Import Request.
  Time since last request: 0.000069 seconds.
  path: Assets/Craftpix/craftpix-981000-blacksmith-craft-asset-pixel-art-pack/4 Icons/Icon_12.gif
  artifactKey: Guid(d92aab5d424328643990d9d5ef30b9c6) Importer(815301076,1909f56bfc062723c751e8b465ee728b)
Start importing Assets/Craftpix/craftpix-981000-blacksmith-craft-asset-pixel-art-pack/4 Icons/Icon_12.gif using Guid(d92aab5d424328643990d9d5ef30b9c6) Importer(815301076,1909f56bfc062723c751e8b465ee728b)  -> (artifact id: 'f0d49f204291287633e672487ec161fd') in 0.016562 seconds 
  Import took 0.020593 seconds .

========================================================================
Received Import Request.
  Time since last request: 2.593378 seconds.
  path: Assets/Craftpix/craftpix-981000-blacksmith-craft-asset-pixel-art-pack/PSD/Character_animation.psd
  artifactKey: Guid(92ccf07e3970b8d48a4d2ae59a618503) Importer(815301076,1909f56bfc062723c751e8b465ee728b)
Start importing Assets/Craftpix/craftpix-981000-blacksmith-craft-asset-pixel-art-pack/PSD/Character_animation.psd using Guid(92ccf07e3970b8d48a4d2ae59a618503) Importer(815301076,1909f56bfc062723c751e8b465ee728b)  -> (artifact id: 'e604f94559fa1864b54616d5fb693f71') in 0.022198 seconds 
  Import took 0.026969 seconds .

========================================================================
Received Import Request.
  Time since last request: 0.000417 seconds.
  path: Assets/Craftpix/craftpix-981000-blacksmith-craft-asset-pixel-art-pack/PSD/Objects.psd
  artifactKey: Guid(fa0479b9738d7594e86fdd9103940f20) Importer(815301076,1909f56bfc062723c751e8b465ee728b)
Start importing Assets/Craftpix/craftpix-981000-blacksmith-craft-asset-pixel-art-pack/PSD/Objects.psd using Guid(fa0479b9738d7594e86fdd9103940f20) Importer(815301076,1909f56bfc062723c751e8b465ee728b)  -> (artifact id: '85ad9fb0c66ba85dd85df4879d020988') in 0.021657 seconds 
  Import took 0.025306 seconds .

========================================================================
Received Import Request.
  Time since last request: 0.000307 seconds.
  path: Assets/Craftpix/craftpix-981000-blacksmith-craft-asset-pixel-art-pack/PSD/Icons.psd
  artifactKey: Guid(806c8d653778f3a48b0185105f786721) Importer(815301076,1909f56bfc062723c751e8b465ee728b)
Start importing Assets/Craftpix/craftpix-981000-blacksmith-craft-asset-pixel-art-pack/PSD/Icons.psd using Guid(806c8d653778f3a48b0185105f786721) Importer(815301076,1909f56bfc062723c751e8b465ee728b)  -> (artifact id: '5b3e951e02a37ea946a5a94d712ff5f3') in 0.027907 seconds 
  Import took 0.031992 seconds .

========================================================================
Received Import Request.
  Time since last request: 28.587563 seconds.
  path: Assets/Environment/BlackSmith
  artifactKey: Guid(cde07468f7e8f6146bdd9644cb1acdcb) Importer(815301076,1909f56bfc062723c751e8b465ee728b)
Start importing Assets/Environment/BlackSmith using Guid(cde07468f7e8f6146bdd9644cb1acdcb) Importer(815301076,1909f56bfc062723c751e8b465ee728b)  -> (artifact id: 'f0acc4265079b3ea4642393a5b8a29b0') in 0.008614 seconds 
  Import took 0.012472 seconds .

========================================================================
Received Import Request.
  Time since last request: 30.032555 seconds.
  path: Assets/Craftpix/craftpix-785613-cookery-game-assets-pixel-art-pack/1 Cook
  artifactKey: Guid(2bf0d5abd705f5b42bb245b5e7728e60) Importer(815301076,1909f56bfc062723c751e8b465ee728b)
Start importing Assets/Craftpix/craftpix-785613-cookery-game-assets-pixel-art-pack/1 Cook using Guid(2bf0d5abd705f5b42bb245b5e7728e60) Importer(815301076,1909f56bfc062723c751e8b465ee728b)  -> (artifact id: 'ccade8d857c3dcde9b0e2f5eefd57cbb') in 0.006560 seconds 
  Import took 0.011770 seconds .

========================================================================
Received Import Request.
  Time since last request: 0.074595 seconds.
  path: Assets/Craftpix/craftpix-785613-cookery-game-assets-pixel-art-pack/1 Cook/Cook_add.png
  artifactKey: Guid(63db425034ec1df42ad2905f03e90a00) Importer(815301076,1909f56bfc062723c751e8b465ee728b)
Start importing Assets/Craftpix/craftpix-785613-cookery-game-assets-pixel-art-pack/1 Cook/Cook_add.png using Guid(63db425034ec1df42ad2905f03e90a00) Importer(815301076,1909f56bfc062723c751e8b465ee728b)  -> (artifact id: 'a5e3981204d70bf8dd219dff43e2cef6') in 0.027343 seconds 
  Import took 0.033143 seconds .

========================================================================
Received Import Request.
  Time since last request: 0.000341 seconds.
  path: Assets/Craftpix/craftpix-785613-cookery-game-assets-pixel-art-pack/1 Cook/Cook_death.png
  artifactKey: Guid(2f6e2965953066e4a957556af3bf7cba) Importer(815301076,1909f56bfc062723c751e8b465ee728b)
Start importing Assets/Craftpix/craftpix-785613-cookery-game-assets-pixel-art-pack/1 Cook/Cook_death.png using Guid(2f6e2965953066e4a957556af3bf7cba) Importer(815301076,1909f56bfc062723c751e8b465ee728b)  -> (artifact id: '1eca075cdd2fbaf5bde47ed31f647fda') in 0.024359 seconds 
  Import took 0.028416 seconds .

========================================================================
Received Import Request.
  Time since last request: 0.000335 seconds.
  path: Assets/Craftpix/craftpix-785613-cookery-game-assets-pixel-art-pack/1 Cook/Cook_idle.png
  artifactKey: Guid(9edeb16e0879fdb458f82de2a63660dc) Importer(815301076,1909f56bfc062723c751e8b465ee728b)
Start importing Assets/Craftpix/craftpix-785613-cookery-game-assets-pixel-art-pack/1 Cook/Cook_idle.png using Guid(9edeb16e0879fdb458f82de2a63660dc) Importer(815301076,1909f56bfc062723c751e8b465ee728b)  -> (artifact id: '8bd11a1f6478abf301772ebe00fdd09d') in 0.023279 seconds 
  Import took 0.027186 seconds .

========================================================================
Received Import Request.
  Time since last request: 0.000337 seconds.
  path: Assets/Craftpix/craftpix-785613-cookery-game-assets-pixel-art-pack/1 Cook/Cook_attack.png
  artifactKey: Guid(28fad29d5ec593c49a19fc4d4bdf16f9) Importer(815301076,1909f56bfc062723c751e8b465ee728b)
Start importing Assets/Craftpix/craftpix-785613-cookery-game-assets-pixel-art-pack/1 Cook/Cook_attack.png using Guid(28fad29d5ec593c49a19fc4d4bdf16f9) Importer(815301076,1909f56bfc062723c751e8b465ee728b)  -> (artifact id: 'be43ad863bc9ec48898fbf1c22a13787') in 0.022719 seconds 
  Import took 0.026375 seconds .

========================================================================
Received Import Request.
  Time since last request: 0.000363 seconds.
  path: Assets/Craftpix/craftpix-785613-cookery-game-assets-pixel-art-pack/1 Cook/Cook_walk.png
  artifactKey: Guid(5921933f6eca27245a7c2f92a6d263f5) Importer(815301076,1909f56bfc062723c751e8b465ee728b)
Start importing Assets/Craftpix/craftpix-785613-cookery-game-assets-pixel-art-pack/1 Cook/Cook_walk.png using Guid(5921933f6eca27245a7c2f92a6d263f5) Importer(815301076,1909f56bfc062723c751e8b465ee728b)  -> (artifact id: 'f6cbee5201400e82dd4324b57de65791') in 0.020540 seconds 
  Import took 0.024428 seconds .

========================================================================
Received Import Request.
  Time since last request: 0.000305 seconds.
  path: Assets/Craftpix/craftpix-785613-cookery-game-assets-pixel-art-pack/1 Cook/Cook_eat.png
  artifactKey: Guid(182ae6e2935d38a4982dd81f95623d1a) Importer(815301076,1909f56bfc062723c751e8b465ee728b)
Start importing Assets/Craftpix/craftpix-785613-cookery-game-assets-pixel-art-pack/1 Cook/Cook_eat.png using Guid(182ae6e2935d38a4982dd81f95623d1a) Importer(815301076,1909f56bfc062723c751e8b465ee728b)  -> (artifact id: '7ea2713d88583109354f7694cdafb279') in 0.021796 seconds 
  Import took 0.025010 seconds .

========================================================================
Received Import Request.
  Time since last request: 0.000278 seconds.
  path: Assets/Craftpix/craftpix-785613-cookery-game-assets-pixel-art-pack/1 Cook/Cook_stir.png
  artifactKey: Guid(6bfe79dfbd8c087498e0f3db73212767) Importer(815301076,1909f56bfc062723c751e8b465ee728b)
Start importing Assets/Craftpix/craftpix-785613-cookery-game-assets-pixel-art-pack/1 Cook/Cook_stir.png using Guid(6bfe79dfbd8c087498e0f3db73212767) Importer(815301076,1909f56bfc062723c751e8b465ee728b)  -> (artifact id: '674900ac02a58f1394ba145bd19063c3') in 0.020845 seconds 
  Import took 0.024346 seconds .

========================================================================
Received Import Request.
  Time since last request: 0.000351 seconds.
  path: Assets/Craftpix/craftpix-785613-cookery-game-assets-pixel-art-pack/1 Cook/Cook_hurt.png
  artifactKey: Guid(0e6350d11f0c7e84495d29f21eb011d0) Importer(815301076,1909f56bfc062723c751e8b465ee728b)
Start importing Assets/Craftpix/craftpix-785613-cookery-game-assets-pixel-art-pack/1 Cook/Cook_hurt.png using Guid(0e6350d11f0c7e84495d29f21eb011d0) Importer(815301076,1909f56bfc062723c751e8b465ee728b)  -> (artifact id: '685906b56f7fa4afb63a0d59223efe26') in 0.020739 seconds 
  Import took 0.024879 seconds .

========================================================================
Received Import Request.
  Time since last request: 1.242064 seconds.
  path: Assets/Craftpix/craftpix-785613-cookery-game-assets-pixel-art-pack/2 Character animation/GraveRobber_add.png
  artifactKey: Guid(71904f83625051b4fa404a500f5fe532) Importer(815301076,1909f56bfc062723c751e8b465ee728b)
Start importing Assets/Craftpix/craftpix-785613-cookery-game-assets-pixel-art-pack/2 Character animation/GraveRobber_add.png using Guid(71904f83625051b4fa404a500f5fe532) Importer(815301076,1909f56bfc062723c751e8b465ee728b)  -> (artifact id: '7c2bb6bf58ce70dfb7d5eff36c9d94da') in 0.017122 seconds 
  Import took 0.021367 seconds .

========================================================================
Received Import Request.
  Time since last request: 0.000316 seconds.
  path: Assets/Craftpix/craftpix-785613-cookery-game-assets-pixel-art-pack/2 Character animation/SteamMan_eat.png
  artifactKey: Guid(7832e6427af39e64d9abe17379a375b7) Importer(815301076,1909f56bfc062723c751e8b465ee728b)
Start importing Assets/Craftpix/craftpix-785613-cookery-game-assets-pixel-art-pack/2 Character animation/SteamMan_eat.png using Guid(7832e6427af39e64d9abe17379a375b7) Importer(815301076,1909f56bfc062723c751e8b465ee728b)  -> (artifact id: '8b5d89f1d7818696a83921d41b5fd207') in 0.020597 seconds 
  Import took 0.023866 seconds .

========================================================================
Received Import Request.
  Time since last request: 0.000287 seconds.
  path: Assets/Craftpix/craftpix-785613-cookery-game-assets-pixel-art-pack/2 Character animation/GraveRobber_stir.png
  artifactKey: Guid(f898cee0e48a77e4b99e0f0094687b5f) Importer(815301076,1909f56bfc062723c751e8b465ee728b)
Start importing Assets/Craftpix/craftpix-785613-cookery-game-assets-pixel-art-pack/2 Character animation/GraveRobber_stir.png using Guid(f898cee0e48a77e4b99e0f0094687b5f) Importer(815301076,1909f56bfc062723c751e8b465ee728b)  -> (artifact id: '2bae3713c806d2e00a22b88bd86357d7') in 0.022732 seconds 
  Import took 0.026995 seconds .

========================================================================
Received Import Request.
  Time since last request: 0.000297 seconds.
  path: Assets/Craftpix/craftpix-785613-cookery-game-assets-pixel-art-pack/2 Character animation/Woodcutter_eat.png
  artifactKey: Guid(dedcb618aefdb5a4a8a0158a19df5af3) Importer(815301076,1909f56bfc062723c751e8b465ee728b)
Start importing Assets/Craftpix/craftpix-785613-cookery-game-assets-pixel-art-pack/2 Character animation/Woodcutter_eat.png using Guid(dedcb618aefdb5a4a8a0158a19df5af3) Importer(815301076,1909f56bfc062723c751e8b465ee728b)  -> (artifact id: 'b8719268a462d8fb87ec70dc31253ec7') in 0.022691 seconds 
  Import took 0.026317 seconds .

========================================================================
Received Import Request.
  Time since last request: 0.000309 seconds.
  path: Assets/Craftpix/craftpix-785613-cookery-game-assets-pixel-art-pack/2 Character animation/GraveRobber_eat.png
  artifactKey: Guid(523830f7e364a6a43893b3f29c535fb2) Importer(815301076,1909f56bfc062723c751e8b465ee728b)
Start importing Assets/Craftpix/craftpix-785613-cookery-game-assets-pixel-art-pack/2 Character animation/GraveRobber_eat.png using Guid(523830f7e364a6a43893b3f29c535fb2) Importer(815301076,1909f56bfc062723c751e8b465ee728b)  -> (artifact id: '73b91f732590187c482bc26b9a571a36') in 0.020466 seconds 
  Import took 0.023837 seconds .

========================================================================
Received Import Request.
  Time since last request: 0.000281 seconds.
  path: Assets/Craftpix/craftpix-785613-cookery-game-assets-pixel-art-pack/2 Character animation/SteamMan_stir.png
  artifactKey: Guid(dd94e2b8f184287468c6b74227c6a4dc) Importer(815301076,1909f56bfc062723c751e8b465ee728b)
Start importing Assets/Craftpix/craftpix-785613-cookery-game-assets-pixel-art-pack/2 Character animation/SteamMan_stir.png using Guid(dd94e2b8f184287468c6b74227c6a4dc) Importer(815301076,1909f56bfc062723c751e8b465ee728b)  -> (artifact id: '0a61e32e84d56b54526a0ee18bd30e07') in 0.020134 seconds 
  Import took 0.024817 seconds .

========================================================================
Received Import Request.
  Time since last request: 0.000377 seconds.
  path: Assets/Craftpix/craftpix-785613-cookery-game-assets-pixel-art-pack/2 Character animation/Woodcutter_stir.png
  artifactKey: Guid(fa451ca3e5e7c754aa6051c0119e467b) Importer(815301076,1909f56bfc062723c751e8b465ee728b)
Start importing Assets/Craftpix/craftpix-785613-cookery-game-assets-pixel-art-pack/2 Character animation/Woodcutter_stir.png using Guid(fa451ca3e5e7c754aa6051c0119e467b) Importer(815301076,1909f56bfc062723c751e8b465ee728b)  -> (artifact id: '053b2babba7fbef79775055b879fe402') in 0.019973 seconds 
  Import took 0.023100 seconds .

========================================================================
Received Import Request.
  Time since last request: 0.000276 seconds.
  path: Assets/Craftpix/craftpix-785613-cookery-game-assets-pixel-art-pack/2 Character animation/SteamMan_add.png
  artifactKey: Guid(567d249942ce56742975d1c5aa4e30dd) Importer(815301076,1909f56bfc062723c751e8b465ee728b)
Start importing Assets/Craftpix/craftpix-785613-cookery-game-assets-pixel-art-pack/2 Character animation/SteamMan_add.png using Guid(567d249942ce56742975d1c5aa4e30dd) Importer(815301076,1909f56bfc062723c751e8b465ee728b)  -> (artifact id: '3f9fa8458b7a044c79123bb0ce3d82ff') in 0.021040 seconds 
  Import took 0.025120 seconds .

========================================================================
Received Import Request.
  Time since last request: 0.000263 seconds.
  path: Assets/Craftpix/craftpix-785613-cookery-game-assets-pixel-art-pack/2 Character animation/Woodcutter_add.png
  artifactKey: Guid(05b659976969b77499b18bea6d5a131b) Importer(815301076,1909f56bfc062723c751e8b465ee728b)
Start importing Assets/Craftpix/craftpix-785613-cookery-game-assets-pixel-art-pack/2 Character animation/Woodcutter_add.png using Guid(05b659976969b77499b18bea6d5a131b) Importer(815301076,1909f56bfc062723c751e8b465ee728b)  -> (artifact id: 'c2df401d97795a8d2086ef0e84d2968b') in 0.019613 seconds 
  Import took 0.023392 seconds .

AssetImportWorkerClient::OnTransportError - code=2 error=End of file
